\BOOKMARK [0][-]{section*.1}{Table des mati\350res}{}% 1
\BOOKMARK [0][-]{section*.2}{Liste des symboles}{}% 2
\BOOKMARK [1][-]{section*.3}{Section non num}{section*.2}% 3
\BOOKMARK [1][-]{section.0.1}{Phase quantitavive / mod\351liser}{section*.2}% 4
\BOOKMARK [2][-]{subsection.0.1.1}{L'importance des \356les en biog\351orgaphie}{section.0.1}% 5
\BOOKMARK [1][-]{section.0.2}{Data availability}{section*.2}% 6
\BOOKMARK [1][-]{section.0.3}{Information dans les distributions}{section*.2}% 7
\BOOKMARK [2][-]{subsection.0.3.1}{Proxy}{section.0.3}% 8
\BOOKMARK [2][-]{subsection.0.3.2}{Potential interactions}{section.0.3}% 9
\BOOKMARK [2][-]{subsection.0.3.3}{Enjeux essentiels de la biog\351ographie}{section.0.3}% 10
\BOOKMARK [2][-]{subsection.0.3.4}{Une question d'\351chelle}{section.0.3}% 11
\BOOKMARK [1][-]{section.0.4}{Cadre th\351orique de la th\350se}{section*.2}% 12
\BOOKMARK [2][-]{subsection.0.4.1}{D\351veloppements th\351oriques en Biog\351ographie}{section.0.4}% 13
\BOOKMARK [2][-]{subsection.0.4.2}{Chapitre 2 TIB}{section.0.4}% 14
\BOOKMARK [2][-]{subsection.0.4.3}{Interactions \351cologique et TIB}{section.0.4}% 15
\BOOKMARK [2][-]{subsection.0.4.4}{La TIB : un mod\350le simple donnant une vision puissante}{section.0.4}% 16
\BOOKMARK [2][-]{subsection.0.4.5}{Environnement abiotique et distribution des esp\350ces}{section.0.4}% 17
\BOOKMARK [2][-]{subsection.0.4.6}{R\351seaux d'interactions : interd\351pendance des esp\350ces}{section.0.4}% 18
\BOOKMARK [2][-]{subsection.0.4.7}{Plasticit\351 ph\351notypique et processus \351volutifs}{section.0.4}% 19
\BOOKMARK [2][-]{subsection.0.4.8}{Traits fonctionnels}{section.0.4}% 20
\BOOKMARK [2][-]{subsection.0.4.9}{Inf\351rence en biog\351ographie}{section.0.4}% 21
\BOOKMARK [2][-]{subsection.0.4.10}{figures envisag\351es}{section.0.4}% 22
\BOOKMARK [2][-]{subsection.0.4.11}{L'espace en liu 2m\352me\203}{section.0.4}% 23
\BOOKMARK [2][-]{subsection.0.4.12}{Remarques}{section.0.4}% 24
\BOOKMARK [2][-]{subsection.0.4.13}{La distribution des esp\350ces des faits et des causes}{section.0.4}% 25
\BOOKMARK [2][-]{subsection.0.4.14}{Une question d'\351chelle}{section.0.4}% 26
\BOOKMARK [2][-]{subsection.0.4.15}{P2}{section.0.4}% 27
\BOOKMARK [2][-]{subsection.0.4.16}{Les relations de la biog\351ographie}{section.0.4}% 28
\BOOKMARK [1][-]{section.0.5}{Conclusion}{section*.2}% 29
\BOOKMARK [1][-]{section.0.6}{Predire la r\351partiton futrure des esp\350ces}{section*.2}% 30
\BOOKMARK [2][-]{subsection.0.6.1}{Mod\351liser}{section.0.6}% 31
\BOOKMARK [2][-]{subsection.0.6.2}{Correlative / Mechanism}{section.0.6}% 32
\BOOKMARK [2][-]{subsection.0.6.3}{Difficcult\351 des modlisation}{section.0.6}% 33
\BOOKMARK [2][-]{subsection.0.6.4}{Les piliers th\351oriques de la biog\351ogrpahie actuelle}{section.0.6}% 34
\BOOKMARK [2][-]{subsection.0.6.5}{DEB}{section.0.6}% 35
\BOOKMARK [1][-]{section.0.7}{Mes objectifs.}{section*.2}% 36
\BOOKMARK [1][-]{section.0.8}{ce qu'il y a dedans la th\350se.}{section*.2}% 37
\BOOKMARK [1][-]{section.0.9}{Les intercations entre esp\350ces vers la co-occurrence.}{section*.2}% 38
\BOOKMARK [2][-]{subsection.0.9.1}{Et ben allons y}{section.0.9}% 39
\BOOKMARK [0][-]{chapter.1}{ \040A PROPOS DES INTERACTIONS BIOTIQUES ET DES CONTRAINTES ENVIRONNMNENTALES A L'ECHELLE BIOGEOGRAPHIQUE}{}% 40
\BOOKMARK [1][-]{section.1.1}{RESUM\311}{chapter.1}% 41
\BOOKMARK [1][-]{section.1.2}{TITLE}{chapter.1}% 42
\BOOKMARK [1][-]{section.1.3}{AUTHORS}{chapter.1}% 43
\BOOKMARK [1][-]{section.1.4}{ABSTRACT}{chapter.1}% 44
\BOOKMARK [1][-]{section.1.5}{Introduction}{chapter.1}% 45
\BOOKMARK [1][-]{section.1.6}{The model}{chapter.1}% 46
\BOOKMARK [2][-]{subsection.1.6.1}{A simple probabilistic biogeographical model}{section.1.6}% 47
\BOOKMARK [2][-]{subsection.1.6.2}{Integrating biotic interactions}{section.1.6}% 48
\BOOKMARK [2][-]{subsection.1.6.3}{Integrating environmental gradients}{section.1.6}% 49
\BOOKMARK [1][-]{section.1.7}{Exploring the model}{chapter.1}% 50
\BOOKMARK [2][-]{subsection.1.7.1}{Biodiversity distribution over environmental gradients}{section.1.7}% 51
\BOOKMARK [1][-]{section.1.8}{Discussion}{chapter.1}% 52
\BOOKMARK [1][-]{section.1.9}{Acknowledgment}{chapter.1}% 53
\BOOKMARK [1][-]{section.1.10}{Tables}{chapter.1}% 54
\BOOKMARK [1][-]{section.1.11}{Figures}{chapter.1}% 55
\BOOKMARK [0][-]{chapter.2}{ \040THEORIE DE CO-OCCURRENCE DES ESPECES DANS LES R\311SEAUX D'INTERACTION}{}% 56
\BOOKMARK [1][-]{section.2.1}{R\351sum\351 en fran\347ais du deuxi\350me article}{chapter.2}% 57
\BOOKMARK [1][-]{section.2.2}{TITLE}{chapter.2}% 58
\BOOKMARK [1][-]{section.2.3}{AUTHORS}{chapter.2}% 59
\BOOKMARK [1][-]{section.2.4}{ABSTRACT}{chapter.2}% 60
\BOOKMARK [1][-]{section.2.5}{KEYWORDS}{chapter.2}% 61
\BOOKMARK [1][-]{section.2.6}{Introduction}{chapter.2}% 62
\BOOKMARK [1][-]{section.2.7}{Definitions}{chapter.2}% 63
\BOOKMARK [1][-]{section.2.8}{ACKNOWLEDGMENTS}{chapter.2}% 64
\BOOKMARK [1][-]{section.2.9}{FIGURES}{chapter.2}% 65
\BOOKMARK [0][-]{chapter.3}{ \040HOW ECOLOGICAL INTERACTIONS CAN AFFECT BIODIVERSITY FORECAST}{}% 66
\BOOKMARK [0][-]{chapter.4}{ \040ISLAND THEORY OF BIOGEOGRAPHY : FROM SPECIES TO FONCTIONNAL TRAITS}{}% 67
