This is pdfTeX, Version 3.14159265-2.6-1.40.16 (TeX Live 2015) (preloaded format=pdflatex 2015.5.24)  12 OCT 2015 20:12
entering extended mode
 restricted \write18 enabled.
 %&-line parsing enabled.
**thesekc
(./thesekc.tex
LaTeX2e <2015/01/01>
Babel <3.9l> and hyphenation patterns for 79 languages loaded.
(./stylethese.cls
Document Class: stylethese 2009/05/10 Style pour theses UQAR
(/usr/local/texlive/2015/texmf-dist/tex/latex/setspace/setspace.sty
Package: setspace 2011/12/19 v6.7a set line spacing
)
(/usr/local/texlive/2015/texmf-dist/tex/latex/carlisle/remreset.sty)
(/usr/local/texlive/2015/texmf-dist/tex/latex/graphics/graphicx.sty
Package: graphicx 2014/10/28 v1.0g Enhanced LaTeX Graphics (DPC,SPQR)

(/usr/local/texlive/2015/texmf-dist/tex/latex/graphics/keyval.sty
Package: keyval 2014/10/28 v1.15 key=value parser (DPC)
\KV@toks@=\toks14
)
(/usr/local/texlive/2015/texmf-dist/tex/latex/graphics/graphics.sty
Package: graphics 2014/10/28 v1.0p Standard LaTeX Graphics (DPC,SPQR)

(/usr/local/texlive/2015/texmf-dist/tex/latex/graphics/trig.sty
Package: trig 1999/03/16 v1.09 sin cos tan (DPC)
)
(/usr/local/texlive/2015/texmf-dist/tex/latex/latexconfig/graphics.cfg
File: graphics.cfg 2010/04/23 v1.9 graphics configuration of TeX Live
)
Package graphics Info: Driver file: pdftex.def on input line 94.

(/usr/local/texlive/2015/texmf-dist/tex/latex/pdftex-def/pdftex.def
File: pdftex.def 2011/05/27 v0.06d Graphics/color for pdfTeX

(/usr/local/texlive/2015/texmf-dist/tex/generic/oberdiek/infwarerr.sty
Package: infwarerr 2010/04/08 v1.3 Providing info/warning/error messages (HO)
)
(/usr/local/texlive/2015/texmf-dist/tex/generic/oberdiek/ltxcmds.sty
Package: ltxcmds 2011/11/09 v1.22 LaTeX kernel commands for general use (HO)
)
\Gread@gobject=\count79
))
\Gin@req@height=\dimen102
\Gin@req@width=\dimen103
)
(/usr/local/texlive/2015/texmf-dist/tex/latex/base/makeidx.sty
Package: makeidx 2014/09/29 v1.0m Standard LaTeX package
)
(/usr/local/texlive/2015/texmf-dist/tex/latex/base/ifthen.sty
Package: ifthen 2014/09/29 v1.1c Standard LaTeX ifthen package (DPC)
)
(/usr/local/texlive/2015/texmf-dist/tex/generic/babel/babel.sty
Package: babel 2014/09/25 3.9l The Babel package

(/usr/local/texlive/2015/texmf-dist/tex/generic/babel-french/frenchb.ldf
Language: frenchb 2015/04/10 v3.1e French support from the babel system

(/usr/local/texlive/2015/texmf-dist/tex/generic/babel/babel.def
File: babel.def 2014/09/25 3.9l Babel common definitions
\babel@savecnt=\count80
\U@D=\dimen104
)
\l@acadian = a dialect from \language\l@french 
\l@canadien = a dialect from \language\l@french 
\FBcolonskip=\skip41
\FBthinskip=\skip42
\FB@interchartokenstateORI=\count81
Package babel Info: Making : an active character on input line 371.
Package babel Info: Making ; an active character on input line 372.
Package babel Info: Making ! an active character on input line 373.
Package babel Info: Making ? an active character on input line 374.
\FBguillskip=\skip43
\FBguill@level=\count82
\FB@Mht=\dimen105
\std@mcc=\count83
\dec@mcc=\count84
\listindentFB=\skip44
\labelwidthFB=\skip45
\leftmarginFB=\skip46
\parindentFFN=\dimen106
)
(/usr/local/texlive/2015/texmf-dist/tex/generic/babel-english/english.ldf
Language: english 2012/08/20 v3.3p English support from the babel system
\l@canadian = a dialect from \language\l@american 
\l@australian = a dialect from \language\l@british 
\l@newzealand = a dialect from \language\l@british 
)
(/usr/local/texlive/2015/texmf-dist/tex/generic/babel-french/frenchb.ldf
Language: frenchb 2015/04/10 v3.1e French support from the babel system
))
(/usr/local/texlive/2015/texmf-dist/tex/latex/carlisle/scalefnt.sty)
(/usr/local/texlive/2015/texmf-dist/tex/latex/base/book.cls
Document Class: book 2014/09/29 v1.4h Standard LaTeX document class
(/usr/local/texlive/2015/texmf-dist/tex/latex/base/bk12.clo
File: bk12.clo 2014/09/29 v1.4h Standard LaTeX file (size option)
)
\c@part=\count85
\c@chapter=\count86
\c@section=\count87
\c@subsection=\count88
\c@subsubsection=\count89
\c@paragraph=\count90
\c@subparagraph=\count91
\c@figure=\count92
\c@table=\count93
\abovecaptionskip=\skip47
\belowcaptionskip=\skip48
\bibindent=\dimen107
)
\c@annexe=\count94
)
(/usr/local/texlive/2015/texmf-dist/tex/latex/natbib/natbib.sty
Package: natbib 2010/09/13 8.31b (PWD, AO)
\bibhang=\skip49
\bibsep=\skip50
LaTeX Info: Redefining \cite on input line 694.
\c@NAT@ctr=\count95
)
(/usr/local/texlive/2015/texmf-dist/tex/latex/amsmath/amsmath.sty
Package: amsmath 2013/01/14 v2.14 AMS math features
\@mathmargin=\skip51

For additional information on amsmath, use the `?' option.
(/usr/local/texlive/2015/texmf-dist/tex/latex/amsmath/amstext.sty
Package: amstext 2000/06/29 v2.01

(/usr/local/texlive/2015/texmf-dist/tex/latex/amsmath/amsgen.sty
File: amsgen.sty 1999/11/30 v2.0
\@emptytoks=\toks15
\ex@=\dimen108
))
(/usr/local/texlive/2015/texmf-dist/tex/latex/amsmath/amsbsy.sty
Package: amsbsy 1999/11/29 v1.2d
\pmbraise@=\dimen109
)
(/usr/local/texlive/2015/texmf-dist/tex/latex/amsmath/amsopn.sty
Package: amsopn 1999/12/14 v2.01 operator names
)
\inf@bad=\count96
LaTeX Info: Redefining \frac on input line 210.
\uproot@=\count97
\leftroot@=\count98
LaTeX Info: Redefining \overline on input line 306.
\classnum@=\count99
\DOTSCASE@=\count100
LaTeX Info: Redefining \ldots on input line 378.
LaTeX Info: Redefining \dots on input line 381.
LaTeX Info: Redefining \cdots on input line 466.
\Mathstrutbox@=\box26
\strutbox@=\box27
\big@size=\dimen110
LaTeX Font Info:    Redeclaring font encoding OML on input line 566.
LaTeX Font Info:    Redeclaring font encoding OMS on input line 567.
\macc@depth=\count101
\c@MaxMatrixCols=\count102
\dotsspace@=\muskip10
\c@parentequation=\count103
\dspbrk@lvl=\count104
\tag@help=\toks16
\row@=\count105
\column@=\count106
\maxfields@=\count107
\andhelp@=\toks17
\eqnshift@=\dimen111
\alignsep@=\dimen112
\tagshift@=\dimen113
\tagwidth@=\dimen114
\totwidth@=\dimen115
\lineht@=\dimen116
\@envbody=\toks18
\multlinegap=\skip52
\multlinetaggap=\skip53
\mathdisplay@stack=\toks19
LaTeX Info: Redefining \[ on input line 2665.
LaTeX Info: Redefining \] on input line 2666.
)
(/usr/local/texlive/2015/texmf-dist/tex/latex/tools/enumerate.sty
Package: enumerate 2014/10/28 v3.00 enumerate extensions (DPC)
\@enLab=\toks20
)
(/usr/local/texlive/2015/texmf-dist/tex/latex/txfonts/txfonts.sty
Package: txfonts 2008/01/22 v3.2.1
LaTeX Font Info:    Redeclaring symbol font `operators' on input line 21.
LaTeX Font Info:    Overwriting symbol font `operators' in version `normal'
(Font)                  OT1/cmr/m/n --> OT1/txr/m/n on input line 21.
LaTeX Font Info:    Overwriting symbol font `operators' in version `bold'
(Font)                  OT1/cmr/bx/n --> OT1/txr/m/n on input line 21.
LaTeX Font Info:    Overwriting symbol font `operators' in version `bold'
(Font)                  OT1/txr/m/n --> OT1/txr/bx/n on input line 22.
\symitalic=\mathgroup4
LaTeX Font Info:    Overwriting symbol font `italic' in version `bold'
(Font)                  OT1/txr/m/it --> OT1/txr/bx/it on input line 26.
LaTeX Font Info:    Redeclaring math alphabet \mathbf on input line 29.
LaTeX Font Info:    Overwriting math alphabet `\mathbf' in version `normal'
(Font)                  OT1/cmr/bx/n --> OT1/txr/bx/n on input line 29.
LaTeX Font Info:    Overwriting math alphabet `\mathbf' in version `bold'
(Font)                  OT1/cmr/bx/n --> OT1/txr/bx/n on input line 29.
LaTeX Font Info:    Redeclaring math alphabet \mathit on input line 30.
LaTeX Font Info:    Overwriting math alphabet `\mathit' in version `normal'
(Font)                  OT1/cmr/m/it --> OT1/txr/m/it on input line 30.
LaTeX Font Info:    Overwriting math alphabet `\mathit' in version `bold'
(Font)                  OT1/cmr/bx/it --> OT1/txr/m/it on input line 30.
LaTeX Font Info:    Overwriting math alphabet `\mathit' in version `bold'
(Font)                  OT1/txr/m/it --> OT1/txr/bx/it on input line 31.
LaTeX Font Info:    Redeclaring math alphabet \mathsf on input line 40.
LaTeX Font Info:    Overwriting math alphabet `\mathsf' in version `normal'
(Font)                  OT1/cmss/m/n --> OT1/txss/m/n on input line 40.
LaTeX Font Info:    Overwriting math alphabet `\mathsf' in version `bold'
(Font)                  OT1/cmss/bx/n --> OT1/txss/m/n on input line 40.
LaTeX Font Info:    Overwriting math alphabet `\mathsf' in version `bold'
(Font)                  OT1/txss/m/n --> OT1/txss/b/n on input line 41.
LaTeX Font Info:    Redeclaring math alphabet \mathtt on input line 50.
LaTeX Font Info:    Overwriting math alphabet `\mathtt' in version `normal'
(Font)                  OT1/cmtt/m/n --> OT1/txtt/m/n on input line 50.
LaTeX Font Info:    Overwriting math alphabet `\mathtt' in version `bold'
(Font)                  OT1/cmtt/m/n --> OT1/txtt/m/n on input line 50.
LaTeX Font Info:    Overwriting math alphabet `\mathtt' in version `bold'
(Font)                  OT1/txtt/m/n --> OT1/txtt/b/n on input line 51.
LaTeX Font Info:    Redeclaring symbol font `letters' on input line 58.
LaTeX Font Info:    Overwriting symbol font `letters' in version `normal'
(Font)                  OML/cmm/m/it --> OML/txmi/m/it on input line 58.
LaTeX Font Info:    Overwriting symbol font `letters' in version `bold'
(Font)                  OML/cmm/b/it --> OML/txmi/m/it on input line 58.
LaTeX Font Info:    Overwriting symbol font `letters' in version `bold'
(Font)                  OML/txmi/m/it --> OML/txmi/bx/it on input line 59.
\symlettersA=\mathgroup5
LaTeX Font Info:    Overwriting symbol font `lettersA' in version `bold'
(Font)                  U/txmia/m/it --> U/txmia/bx/it on input line 67.
LaTeX Font Info:    Redeclaring symbol font `symbols' on input line 77.
LaTeX Font Info:    Overwriting symbol font `symbols' in version `normal'
(Font)                  OMS/cmsy/m/n --> OMS/txsy/m/n on input line 77.
LaTeX Font Info:    Overwriting symbol font `symbols' in version `bold'
(Font)                  OMS/cmsy/b/n --> OMS/txsy/m/n on input line 77.
LaTeX Font Info:    Overwriting symbol font `symbols' in version `bold'
(Font)                  OMS/txsy/m/n --> OMS/txsy/bx/n on input line 78.
\symAMSa=\mathgroup6
LaTeX Font Info:    Overwriting symbol font `AMSa' in version `bold'
(Font)                  U/txsya/m/n --> U/txsya/bx/n on input line 94.
\symAMSb=\mathgroup7
LaTeX Font Info:    Overwriting symbol font `AMSb' in version `bold'
(Font)                  U/txsyb/m/n --> U/txsyb/bx/n on input line 103.
\symsymbolsC=\mathgroup8
LaTeX Font Info:    Overwriting symbol font `symbolsC' in version `bold'
(Font)                  U/txsyc/m/n --> U/txsyc/bx/n on input line 113.
LaTeX Font Info:    Redeclaring symbol font `largesymbols' on input line 120.
LaTeX Font Info:    Overwriting symbol font `largesymbols' in version `normal'
(Font)                  OMX/cmex/m/n --> OMX/txex/m/n on input line 120.
LaTeX Font Info:    Overwriting symbol font `largesymbols' in version `bold'
(Font)                  OMX/cmex/m/n --> OMX/txex/m/n on input line 120.
LaTeX Font Info:    Overwriting symbol font `largesymbols' in version `bold'
(Font)                  OMX/txex/m/n --> OMX/txex/bx/n on input line 121.
\symlargesymbolsA=\mathgroup9
LaTeX Font Info:    Overwriting symbol font `largesymbolsA' in version `bold'
(Font)                  U/txexa/m/n --> U/txexa/bx/n on input line 129.
LaTeX Info: Redefining \not on input line 1043.
)
(/usr/local/texlive/2015/texmf-dist/tex/latex/mathtools/empheq.sty
Package: empheq 2014/07/16 v2.14 Emphasizing equations

(/usr/local/texlive/2015/texmf-dist/tex/latex/mathtools/mhsetup.sty
Package: mhsetup 2010/01/21 v1.2a programming setup (MH)
)
(/usr/local/texlive/2015/texmf-dist/tex/latex/mathtools/mathtools.sty
Package: mathtools 2015/05/11 v1.16 mathematical typesetting tools

(/usr/local/texlive/2015/texmf-dist/tex/latex/tools/calc.sty
Package: calc 2014/10/28 v4.3 Infix arithmetic (KKT,FJ)
\calc@Acount=\count108
\calc@Bcount=\count109
\calc@Adimen=\dimen117
\calc@Bdimen=\dimen118
\calc@Askip=\skip54
\calc@Bskip=\skip55
LaTeX Info: Redefining \setlength on input line 80.
LaTeX Info: Redefining \addtolength on input line 81.
\calc@Ccount=\count110
\calc@Cskip=\skip56
)
LaTeX Info: Thecontrolsequence`\('isalreadyrobust on input line 129.
LaTeX Info: Thecontrolsequence`\)'isalreadyrobust on input line 129.
LaTeX Info: Thecontrolsequence`\['isalreadyrobust on input line 129.
LaTeX Info: Thecontrolsequence`\]'isalreadyrobust on input line 129.
\g_MT_multlinerow_int=\count111
\l_MT_multwidth_dim=\dimen119
\origjot=\skip57
\l_MT_shortvdotswithinadjustabove_dim=\dimen120
\l_MT_shortvdotswithinadjustbelow_dim=\dimen121
\l_MT_above_intertext_sep=\dimen122
\l_MT_below_intertext_sep=\dimen123
\l_MT_above_shortintertext_sep=\dimen124
\l_MT_below_shortintertext_sep=\dimen125
)
\l_EQ_equationtype_int=\count112
\l_EQ_alignmentmode_int=\count113
\l_EQ_totalwidth_dim=\dimen126
\l_EQ_displaywidth_dim=\dimen127
\l_EQ_temp_linewidth_dim=\dimen128
\EmphEqdelimitershortfall=\dimen129
\EmphEqdelimiterfactor=\count114
\g_EQ_toptag_height_dim=\dimen130
\g_EQ_bottomtag_depth_dim=\dimen131
\g_EQ_toprow_height_dim=\dimen132
\g_EQ_bottomrow_depth_dim=\dimen133
\g_EQ_widesttag_dim=\dimen134
\EQ_mathdisplay_box=\box28
\EQ_tag_box=\box29
\g_EQ_temprow_int=\count115
)
(/usr/local/texlive/2015/texmf-dist/tex/latex/base/inputenc.sty
Package: inputenc 2015/03/17 v1.2c Input encoding file
\inpenc@prehook=\toks21
\inpenc@posthook=\toks22

(/usr/local/texlive/2015/texmf-dist/tex/latex/ucs/utf8x.def
File: utf8x.def 2004/10/17 UCS: Input encoding UTF-8
))
(/usr/local/texlive/2015/texmf-dist/tex/latex/ucs/ucs.sty
Package: ucs 2013/05/11 v2.2 UCS: Unicode input support

(/usr/local/texlive/2015/texmf-dist/tex/latex/ucs/data/uni-global.def
File: uni-global.def 2013/05/13 UCS: Unicode global data
)
\uc@secondtry=\count116
\uc@combtoks=\toks23
\uc@combtoksb=\toks24
\uc@temptokena=\toks25
)
(/usr/local/texlive/2015/texmf-dist/tex/latex/cite/chapterbib.sty
\c@inputfile=\count117
Package: chapterbib 2010/09/18  v 1.17
)
(/usr/local/texlive/2015/texmf-dist/tex/latex/hyperref/hyperref.sty
Package: hyperref 2012/11/06 v6.83m Hypertext links for LaTeX

(/usr/local/texlive/2015/texmf-dist/tex/generic/oberdiek/hobsub-hyperref.sty
Package: hobsub-hyperref 2012/05/28 v1.13 Bundle oberdiek, subset hyperref (HO)


(/usr/local/texlive/2015/texmf-dist/tex/generic/oberdiek/hobsub-generic.sty
Package: hobsub-generic 2012/05/28 v1.13 Bundle oberdiek, subset generic (HO)
Package: hobsub 2012/05/28 v1.13 Construct package bundles (HO)
Package hobsub Info: Skipping package `infwarerr' (already loaded).
Package hobsub Info: Skipping package `ltxcmds' (already loaded).
Package: ifluatex 2010/03/01 v1.3 Provides the ifluatex switch (HO)
Package ifluatex Info: LuaTeX not detected.
Package: ifvtex 2010/03/01 v1.5 Detect VTeX and its facilities (HO)
Package ifvtex Info: VTeX not detected.
Package: intcalc 2007/09/27 v1.1 Expandable calculations with integers (HO)
Package: ifpdf 2011/01/30 v2.3 Provides the ifpdf switch (HO)
Package ifpdf Info: pdfTeX in PDF mode is detected.
Package: etexcmds 2011/02/16 v1.5 Avoid name clashes with e-TeX commands (HO)
Package etexcmds Info: Could not find \expanded.
(etexcmds)             That can mean that you are not using pdfTeX 1.50 or
(etexcmds)             that some package has redefined \expanded.
(etexcmds)             In the latter case, load this package earlier.
Package: kvsetkeys 2012/04/25 v1.16 Key value parser (HO)
Package: kvdefinekeys 2011/04/07 v1.3 Define keys (HO)
Package: pdftexcmds 2011/11/29 v0.20 Utility functions of pdfTeX for LuaTeX (HO
)
Package pdftexcmds Info: LuaTeX not detected.
Package pdftexcmds Info: \pdf@primitive is available.
Package pdftexcmds Info: \pdf@ifprimitive is available.
Package pdftexcmds Info: \pdfdraftmode found.
Package: pdfescape 2011/11/25 v1.13 Implements pdfTeX's escape features (HO)
Package: bigintcalc 2012/04/08 v1.3 Expandable calculations on big integers (HO
)
Package: bitset 2011/01/30 v1.1 Handle bit-vector datatype (HO)
Package: uniquecounter 2011/01/30 v1.2 Provide unlimited unique counter (HO)
)
Package hobsub Info: Skipping package `hobsub' (already loaded).
Package: letltxmacro 2010/09/02 v1.4 Let assignment for LaTeX macros (HO)
Package: hopatch 2012/05/28 v1.2 Wrapper for package hooks (HO)
Package: xcolor-patch 2011/01/30 xcolor patch
Package: atveryend 2011/06/30 v1.8 Hooks at the very end of document (HO)
Package atveryend Info: \enddocument detected (standard20110627).
Package: atbegshi 2011/10/05 v1.16 At begin shipout hook (HO)
Package: refcount 2011/10/16 v3.4 Data extraction from label references (HO)
Package: hycolor 2011/01/30 v1.7 Color options for hyperref/bookmark (HO)
)
(/usr/local/texlive/2015/texmf-dist/tex/generic/ifxetex/ifxetex.sty
Package: ifxetex 2010/09/12 v0.6 Provides ifxetex conditional
)
(/usr/local/texlive/2015/texmf-dist/tex/latex/oberdiek/auxhook.sty
Package: auxhook 2011/03/04 v1.3 Hooks for auxiliary files (HO)
)
(/usr/local/texlive/2015/texmf-dist/tex/latex/oberdiek/kvoptions.sty
Package: kvoptions 2011/06/30 v3.11 Key value format for package options (HO)
)
\@linkdim=\dimen135
\Hy@linkcounter=\count118
\Hy@pagecounter=\count119

(/usr/local/texlive/2015/texmf-dist/tex/latex/hyperref/pd1enc.def
File: pd1enc.def 2012/11/06 v6.83m Hyperref: PDFDocEncoding definition (HO)
)
\Hy@SavedSpaceFactor=\count120

(/usr/local/texlive/2015/texmf-dist/tex/latex/latexconfig/hyperref.cfg
File: hyperref.cfg 2002/06/06 v1.2 hyperref configuration of TeXLive
)
Package hyperref Info: Option `linktocpage' set `true' on input line 4319.
Package hyperref Info: Option `colorlinks' set `true' on input line 4319.
Package hyperref Info: Hyper figures OFF on input line 4443.
Package hyperref Info: Link nesting OFF on input line 4448.
Package hyperref Info: Hyper index ON on input line 4451.
Package hyperref Info: Plain pages OFF on input line 4458.
Package hyperref Info: Backreferencing ON on input line 4461.
Package hyperref Info: Implicit mode ON; LaTeX internals redefined.
Package hyperref Info: Bookmarks ON on input line 4688.

(/usr/local/texlive/2015/texmf-dist/tex/latex/hyperref/backref.sty
Package: backref 2012/07/25 v1.38 Bibliographical back referencing

(/usr/local/texlive/2015/texmf-dist/tex/latex/oberdiek/rerunfilecheck.sty
Package: rerunfilecheck 2011/04/15 v1.7 Rerun checks for auxiliary files (HO)
Package uniquecounter Info: New unique counter `rerunfilecheck' on input line 2
82.
))
\c@Hy@tempcnt=\count121

(/usr/local/texlive/2015/texmf-dist/tex/latex/url/url.sty
\Urlmuskip=\muskip11
Package: url 2013/09/16  ver 3.4  Verb mode for urls, etc.
)
LaTeX Info: Redefining \url on input line 5041.
\XeTeXLinkMargin=\dimen136
\Fld@menulength=\count122
\Field@Width=\dimen137
\Fld@charsize=\dimen138
Package hyperref Info: Hyper figures OFF on input line 6295.
Package hyperref Info: Link nesting OFF on input line 6300.
Package hyperref Info: Hyper index ON on input line 6303.
Package hyperref Info: backreferencing ON on input line 6308.
Package hyperref Info: Link coloring ON on input line 6313.
Package hyperref Info: Link coloring with OCG OFF on input line 6320.
Package hyperref Info: PDF/A mode OFF on input line 6325.
LaTeX Info: Redefining \ref on input line 6365.
LaTeX Info: Redefining \pageref on input line 6369.
\Hy@abspage=\count123
\c@Item=\count124
\c@Hfootnote=\count125
)

Package hyperref Message: Driver (autodetected): hpdftex.

(/usr/local/texlive/2015/texmf-dist/tex/latex/hyperref/hpdftex.def
File: hpdftex.def 2012/11/06 v6.83m Hyperref driver for pdfTeX
\Fld@listcount=\count126
\c@bookmark@seq@number=\count127
\Hy@SectionHShift=\skip58
)
(/usr/local/texlive/2015/texmf-dist/tex/latex/cleveref/cleveref.sty
Package: cleveref 2013/12/28 v0.19 Intelligent cross-referencing
Package cleveref Info: `hyperref' support loaded on input line 2230.
LaTeX Info: Redefining \cref on input line 2230.
LaTeX Info: Redefining \Cref on input line 2230.
LaTeX Info: Redefining \crefrange on input line 2230.
LaTeX Info: Redefining \Crefrange on input line 2230.
LaTeX Info: Redefining \cpageref on input line 2230.
LaTeX Info: Redefining \Cpageref on input line 2230.
LaTeX Info: Redefining \cpagerefrange on input line 2230.
LaTeX Info: Redefining \Cpagerefrange on input line 2230.
LaTeX Info: Redefining \labelcref on input line 2230.
LaTeX Info: Redefining \labelcpageref on input line 2230.
)
(/usr/local/texlive/2015/texmf-dist/tex/latex/was/upgreek.sty
Package: upgreek 2003/02/12 v2.0 (WaS)
Package upgreek Info: Using Euler Roman for upright Greek on input line 31.
\symugrf@m=\mathgroup10
LaTeX Font Info:    Overwriting symbol font `ugrf@m' in version `bold'
(Font)                  U/eur/m/n --> U/eur/b/n on input line 38.
)
(/usr/local/texlive/2015/texmf-dist/tex/latex/base/textcomp.sty
Package: textcomp 2005/09/27 v1.99g Standard LaTeX package
Package textcomp Info: Sub-encoding information:
(textcomp)               5 = only ISO-Adobe without \textcurrency
(textcomp)               4 = 5 + \texteuro
(textcomp)               3 = 4 + \textohm
(textcomp)               2 = 3 + \textestimated + \textcurrency
(textcomp)               1 = TS1 - \textcircled - \t
(textcomp)               0 = TS1 (full)
(textcomp)             Font families with sub-encoding setting implement
(textcomp)             only a restricted character set as indicated.
(textcomp)             Family '?' is the default used for unknown fonts.
(textcomp)             See the documentation for details.
Package textcomp Info: Setting ? sub-encoding to TS1/1 on input line 79.

(/usr/local/texlive/2015/texmf-dist/tex/latex/base/ts1enc.def
File: ts1enc.def 2001/06/05 v3.0e (jk/car/fm) Standard LaTeX file
)
LaTeX Info: Redefining \oldstylenums on input line 334.
Package textcomp Info: Setting cmr sub-encoding to TS1/0 on input line 349.
Package textcomp Info: Setting cmss sub-encoding to TS1/0 on input line 350.
Package textcomp Info: Setting cmtt sub-encoding to TS1/0 on input line 351.
Package textcomp Info: Setting cmvtt sub-encoding to TS1/0 on input line 352.
Package textcomp Info: Setting cmbr sub-encoding to TS1/0 on input line 353.
Package textcomp Info: Setting cmtl sub-encoding to TS1/0 on input line 354.
Package textcomp Info: Setting ccr sub-encoding to TS1/0 on input line 355.
Package textcomp Info: Setting ptm sub-encoding to TS1/4 on input line 356.
Package textcomp Info: Setting pcr sub-encoding to TS1/4 on input line 357.
Package textcomp Info: Setting phv sub-encoding to TS1/4 on input line 358.
Package textcomp Info: Setting ppl sub-encoding to TS1/3 on input line 359.
Package textcomp Info: Setting pag sub-encoding to TS1/4 on input line 360.
Package textcomp Info: Setting pbk sub-encoding to TS1/4 on input line 361.
Package textcomp Info: Setting pnc sub-encoding to TS1/4 on input line 362.
Package textcomp Info: Setting pzc sub-encoding to TS1/4 on input line 363.
Package textcomp Info: Setting bch sub-encoding to TS1/4 on input line 364.
Package textcomp Info: Setting put sub-encoding to TS1/5 on input line 365.
Package textcomp Info: Setting uag sub-encoding to TS1/5 on input line 366.
Package textcomp Info: Setting ugq sub-encoding to TS1/5 on input line 367.
Package textcomp Info: Setting ul8 sub-encoding to TS1/4 on input line 368.
Package textcomp Info: Setting ul9 sub-encoding to TS1/4 on input line 369.
Package textcomp Info: Setting augie sub-encoding to TS1/5 on input line 370.
Package textcomp Info: Setting dayrom sub-encoding to TS1/3 on input line 371.
Package textcomp Info: Setting dayroms sub-encoding to TS1/3 on input line 372.

Package textcomp Info: Setting pxr sub-encoding to TS1/0 on input line 373.
Package textcomp Info: Setting pxss sub-encoding to TS1/0 on input line 374.
Package textcomp Info: Setting pxtt sub-encoding to TS1/0 on input line 375.
Package textcomp Info: Setting txr sub-encoding to TS1/0 on input line 376.
Package textcomp Info: Setting txss sub-encoding to TS1/0 on input line 377.
Package textcomp Info: Setting txtt sub-encoding to TS1/0 on input line 378.
Package textcomp Info: Setting lmr sub-encoding to TS1/0 on input line 379.
Package textcomp Info: Setting lmdh sub-encoding to TS1/0 on input line 380.
Package textcomp Info: Setting lmss sub-encoding to TS1/0 on input line 381.
Package textcomp Info: Setting lmssq sub-encoding to TS1/0 on input line 382.
Package textcomp Info: Setting lmvtt sub-encoding to TS1/0 on input line 383.
Package textcomp Info: Setting lmtt sub-encoding to TS1/0 on input line 384.
Package textcomp Info: Setting qhv sub-encoding to TS1/0 on input line 385.
Package textcomp Info: Setting qag sub-encoding to TS1/0 on input line 386.
Package textcomp Info: Setting qbk sub-encoding to TS1/0 on input line 387.
Package textcomp Info: Setting qcr sub-encoding to TS1/0 on input line 388.
Package textcomp Info: Setting qcs sub-encoding to TS1/0 on input line 389.
Package textcomp Info: Setting qpl sub-encoding to TS1/0 on input line 390.
Package textcomp Info: Setting qtm sub-encoding to TS1/0 on input line 391.
Package textcomp Info: Setting qzc sub-encoding to TS1/0 on input line 392.
Package textcomp Info: Setting qhvc sub-encoding to TS1/0 on input line 393.
Package textcomp Info: Setting futs sub-encoding to TS1/4 on input line 394.
Package textcomp Info: Setting futx sub-encoding to TS1/4 on input line 395.
Package textcomp Info: Setting futj sub-encoding to TS1/4 on input line 396.
Package textcomp Info: Setting hlh sub-encoding to TS1/3 on input line 397.
Package textcomp Info: Setting hls sub-encoding to TS1/3 on input line 398.
Package textcomp Info: Setting hlst sub-encoding to TS1/3 on input line 399.
Package textcomp Info: Setting hlct sub-encoding to TS1/5 on input line 400.
Package textcomp Info: Setting hlx sub-encoding to TS1/5 on input line 401.
Package textcomp Info: Setting hlce sub-encoding to TS1/5 on input line 402.
Package textcomp Info: Setting hlcn sub-encoding to TS1/5 on input line 403.
Package textcomp Info: Setting hlcw sub-encoding to TS1/5 on input line 404.
Package textcomp Info: Setting hlcf sub-encoding to TS1/5 on input line 405.
Package textcomp Info: Setting pplx sub-encoding to TS1/3 on input line 406.
Package textcomp Info: Setting pplj sub-encoding to TS1/3 on input line 407.
Package textcomp Info: Setting ptmx sub-encoding to TS1/4 on input line 408.
Package textcomp Info: Setting ptmj sub-encoding to TS1/4 on input line 409.
)
(/usr/local/texlive/2015/texmf-dist/tex/latex/tools/tabularx.sty
Package: tabularx 2014/10/28 v2.10 `tabularx' package (DPC)

(/usr/local/texlive/2015/texmf-dist/tex/latex/tools/array.sty
Package: array 2014/10/28 v2.4c Tabular extension package (FMi)
\col@sep=\dimen139
\extrarowheight=\dimen140
\NC@list=\toks26
\extratabsurround=\skip59
\backup@length=\skip60
)
\TX@col@width=\dimen141
\TX@old@table=\dimen142
\TX@old@col=\dimen143
\TX@target=\dimen144
\TX@delta=\dimen145
\TX@cols=\count128
\TX@ftn=\toks27
)
(/usr/local/texlive/2015/texmf-dist/tex/latex/tools/longtable.sty
Package: longtable 2014/10/28 v4.11 Multi-page Table package (DPC)
\LTleft=\skip61
\LTright=\skip62
\LTpre=\skip63
\LTpost=\skip64
\LTchunksize=\count129
\LTcapwidth=\dimen146
\LT@head=\box30
\LT@firsthead=\box31
\LT@foot=\box32
\LT@lastfoot=\box33
\LT@cols=\count130
\LT@rows=\count131
\c@LT@tables=\count132
\c@LT@chunks=\count133
\LT@p@ftn=\toks28
)
(/usr/local/texlive/2015/texmf-dist/tex/latex/carlisle/ltxtable.sty
Package: ltxtable 1995/12/11 v0.2 longtable/tabularx merge (DPC)
)
(/usr/local/texlive/2015/texmf-dist/tex/latex/oberdiek/pdflscape.sty
Package: pdflscape 2008/08/11 v0.10 Display of landscape pages in PDF (HO)

(/usr/local/texlive/2015/texmf-dist/tex/latex/graphics/lscape.sty
Package: lscape 2000/10/22 v3.01 Landscape Pages (DPC)
)
Package pdflscape Info: Auto-detected driver: pdftex on input line 80.
)
(/usr/local/texlive/2015/texmf-dist/tex/latex/booktabs/booktabs.sty
Package: booktabs 2005/04/14 v1.61803 publication quality tables
\heavyrulewidth=\dimen147
\lightrulewidth=\dimen148
\cmidrulewidth=\dimen149
\belowrulesep=\dimen150
\belowbottomsep=\dimen151
\aboverulesep=\dimen152
\abovetopsep=\dimen153
\cmidrulesep=\dimen154
\cmidrulekern=\dimen155
\defaultaddspace=\dimen156
\@cmidla=\count134
\@cmidlb=\count135
\@aboverulesep=\dimen157
\@belowrulesep=\dimen158
\@thisruleclass=\count136
\@lastruleclass=\count137
\@thisrulewidth=\dimen159
)
(/usr/local/texlive/2015/texmf-dist/tex/latex/tools/afterpage.sty
Package: afterpage 2014/10/28 v1.08 After-Page Package (DPC)
\AP@output=\toks29
\AP@partial=\box34
\AP@footins=\box35
)
(/usr/local/texlive/2015/texmf-dist/tex/latex/sttools/floatpag.sty
Package: floatpag 2012/05/29 v1.1 Different pagestyles on float pages
Package: floatpag 1999/04/29 FLOAT PAGESTYLE
)
(/usr/local/texlive/2015/texmf-dist/tex/latex/csquotes/csquotes.sty
Package: csquotes 2015/04/15 v5.1e context-sensitive quotations (JAW)

(/usr/local/texlive/2015/texmf-dist/tex/latex/etoolbox/etoolbox.sty
Package: etoolbox 2015/05/04 v2.2 e-TeX tools for LaTeX (JAW)
\etb@tempcnta=\count138
)
\csq@reset=\count139
\csq@gtype=\count140
\csq@glevel=\count141
\csq@qlevel=\count142
\csq@maxlvl=\count143
\csq@tshold=\count144
\csq@ltx@everypar=\toks30

(/usr/local/texlive/2015/texmf-dist/tex/latex/csquotes/csquotes.def
File: csquotes.def 2015/04/15 v5.1e csquotes generic definitions (JAW)
)
Package csquotes Info: Trying to load configuration file 'csquotes.cfg'...
Package csquotes Info: ... configuration file loaded successfully.

(/usr/local/texlive/2015/texmf-dist/tex/latex/csquotes/csquotes.cfg
File: csquotes.cfg 
)
Package csquotes Info: Option 'babel' depreciated.
(csquotes)             Using 'autostyle'.
Package csquotes Info: Enabling multilingual quotes.
)
(/usr/local/texlive/2015/texmf-dist/tex/latex/psnfss/pifont.sty
Package: pifont 2005/04/12 PSNFSS-v9.2a Pi font support (SPQR) 
LaTeX Font Info:    Try loading font information for U+pzd on input line 63.

(/usr/local/texlive/2015/texmf-dist/tex/latex/psnfss/upzd.fd
File: upzd.fd 2001/06/04 font definitions for U/pzd.
)
LaTeX Font Info:    Try loading font information for U+psy on input line 64.

(/usr/local/texlive/2015/texmf-dist/tex/latex/psnfss/upsy.fd
File: upsy.fd 2001/06/04 font definitions for U/psy.
))
(/usr/local/texlive/2015/texmf-dist/tex/generic/oberdiek/soulutf8.sty
Package: soulutf8 2007/09/09 v1.0 Permit use of UTF-8 characters in soul (HO)

(/usr/local/texlive/2015/texmf-dist/tex/latex/soul/soul.sty
Package: soul 2003/11/17 v2.4 letterspacing/underlining (mf)
\SOUL@word=\toks31
\SOUL@lasttoken=\toks32
\SOUL@cmds=\toks33
\SOUL@buffer=\toks34
\SOUL@token=\toks35
\SOUL@spaceskip=\skip65
\SOUL@ttwidth=\dimen160
\SOUL@uldp=\dimen161
\SOUL@ulht=\dimen162
))
(/usr/local/texlive/2015/texmf-dist/tex/latex/caption/caption.sty
Package: caption 2013/05/02 v3.3-89 Customizing captions (AR)

(/usr/local/texlive/2015/texmf-dist/tex/latex/caption/caption3.sty
Package: caption3 2013/05/02 v1.6-88 caption3 kernel (AR)
Package caption3 Info: TeX engine: e-TeX on input line 57.
\captionmargin=\dimen163
\captionmargin@=\dimen164
\captionwidth=\dimen165
\caption@tempdima=\dimen166
\caption@indent=\dimen167
\caption@parindent=\dimen168
\caption@hangindent=\dimen169
Package caption Info: The definition of \@makecaption has been changed,
(caption)             frenchb will NOT customize it.
Package caption Info: Unknown document class (or package),
(caption)             standard defaults will be used.
)

Package caption Warning: Unsupported document class (or package) detected,
(caption)                usage of the caption package is not recommended.
See the caption package documentation for explanation.

Package caption Info: \@makecaption = \long macro:#1#2->\begin {singlespace}\vs
kip \abovecaptionskip \sbox \@tempboxa {#1: #2}\ifdim \wd \@tempboxa >\hsize #1
: #2\par \else \global \@minipagefalse \hb@xt@ \hsize {\hfil \box \@tempboxa \h
fil }\fi \vskip \belowcaptionskip \end {singlespace}.
\c@ContinuedFloat=\count145
Package caption Info: hyperref package is loaded.
Package caption Info: longtable package is loaded.
(/usr/local/texlive/2015/texmf-dist/tex/latex/caption/ltcaption.sty
Package: ltcaption 2013/02/03 v1.3-62 longtable captions (AR)
))
\@indexfile=\write3
\openout3 = `thesekc.idx'.


Writing index file thesekc.idx
Package csquotes Info: Checking for multilingual support...
Package csquotes Info: ... found 'babel' package.
(./thesekc.aux (./liminaires.aux)

! Package natbib Error: Bibliography not compatible with author-year citations.

(natbib)                Press <return> to continue in numerical citation style.


See the natbib package documentation for explanation.
Type  H <return>  for immediate help.
 ...                                              
                                                  
l.542 ...and\NAT@force@numbers{}\NAT@force@numbers
                                                  
? 
)
\openout1 = `thesekc.aux'.

LaTeX Font Info:    Checking defaults for OML/txmi/m/it on input line 100.
LaTeX Font Info:    Try loading font information for OML+txmi on input line 100
.
 (/usr/local/texlive/2015/texmf-dist/tex/latex/txfonts/omltxmi.fd
File: omltxmi.fd 2000/12/15 v3.1
)
LaTeX Font Info:    ... okay on input line 100.
LaTeX Font Info:    Checking defaults for T1/cmr/m/n on input line 100.
LaTeX Font Info:    ... okay on input line 100.
LaTeX Font Info:    Checking defaults for OT1/cmr/m/n on input line 100.
LaTeX Font Info:    ... okay on input line 100.
LaTeX Font Info:    Checking defaults for OMS/txsy/m/n on input line 100.
LaTeX Font Info:    Try loading font information for OMS+txsy on input line 100
.

(/usr/local/texlive/2015/texmf-dist/tex/latex/txfonts/omstxsy.fd
File: omstxsy.fd 2000/12/15 v3.1
)
LaTeX Font Info:    ... okay on input line 100.
LaTeX Font Info:    Checking defaults for OMX/txex/m/n on input line 100.
LaTeX Font Info:    Try loading font information for OMX+txex on input line 100
.

(/usr/local/texlive/2015/texmf-dist/tex/latex/txfonts/omxtxex.fd
File: omxtxex.fd 2000/12/15 v3.1
)
LaTeX Font Info:    ... okay on input line 100.
LaTeX Font Info:    Checking defaults for U/txexa/m/n on input line 100.
LaTeX Font Info:    Try loading font information for U+txexa on input line 100.


(/usr/local/texlive/2015/texmf-dist/tex/latex/txfonts/utxexa.fd
File: utxexa.fd 2000/12/15 v3.1
)
LaTeX Font Info:    ... okay on input line 100.
LaTeX Font Info:    Checking defaults for PD1/pdf/m/n on input line 100.
LaTeX Font Info:    ... okay on input line 100.
LaTeX Font Info:    Checking defaults for TS1/cmr/m/n on input line 100.
LaTeX Font Info:    Try loading font information for TS1+cmr on input line 100.


(/usr/local/texlive/2015/texmf-dist/tex/latex/base/ts1cmr.fd
File: ts1cmr.fd 2014/09/29 v2.5h Standard LaTeX font definitions
)
LaTeX Font Info:    ... okay on input line 100.
LaTeX Font Info:    Try loading font information for OT1+txr on input line 100.


(/usr/local/texlive/2015/texmf-dist/tex/latex/txfonts/ot1txr.fd
File: ot1txr.fd 2000/12/15 v3.1
)
(/usr/local/texlive/2015/texmf-dist/tex/context/base/supp-pdf.mkii
[Loading MPS to PDF converter (version 2006.09.02).]
\scratchcounter=\count146
\scratchdimen=\dimen170
\scratchbox=\box36
\nofMPsegments=\count147
\nofMParguments=\count148
\everyMPshowfont=\toks36
\MPscratchCnt=\count149
\MPscratchDim=\dimen171
\MPnumerator=\count150
\makeMPintoPDFobject=\count151
\everyMPtoPDFconversion=\toks37
) (/usr/local/texlive/2015/texmf-dist/tex/latex/oberdiek/epstopdf-base.sty
Package: epstopdf-base 2010/02/09 v2.5 Base part for package epstopdf

(/usr/local/texlive/2015/texmf-dist/tex/latex/oberdiek/grfext.sty
Package: grfext 2010/08/19 v1.1 Manage graphics extensions (HO)
)
Package grfext Info: Graphics extension search list:
(grfext)             [.png,.pdf,.jpg,.mps,.jpeg,.jbig2,.jb2,.PNG,.PDF,.JPG,.JPE
G,.JBIG2,.JB2,.eps]
(grfext)             \AppendGraphicsExtensions on input line 452.

(/usr/local/texlive/2015/texmf-dist/tex/latex/latexconfig/epstopdf-sys.cfg
File: epstopdf-sys.cfg 2010/07/13 v1.3 Configuration of (r)epstopdf for TeX Liv
e
))
LaTeX Info: Redefining \degres on input line 100.
LaTeX Info: Redefining \dots on input line 100.


Package frenchb.ldf Warning: Please load the "natbib" package
(frenchb.ldf)                BEFORE babel/frenchb; reported on input line 100.

Package frenchb.ldf Info: Setting StandardEnumerateEnv=true for
(frenchb.ldf)             compatibility with enumerate package,
(frenchb.ldf)              on input line 100.
LaTeX Info: Redefining \up on input line 100.

Package frenchb.ldf Warning: OT1 encoding should not be used for French.
(frenchb.ldf)                Add \usepackage[T1]{fontenc} to the preamble
(frenchb.ldf)                of your document, on input line 100.

(/usr/local/texlive/2015/texmf-dist/tex/latex/ucs/ucsencs.def
File: ucsencs.def 2011/01/21 Fixes to fontencodings LGR, T3
)
\AtBeginShipoutBox=\box37
Package backref Info: ** backref set up for natbib ** on input line 100.

(/usr/local/texlive/2015/texmf-dist/tex/latex/graphics/color.sty
Package: color 2014/10/28 v1.1a Standard LaTeX Color (DPC)

(/usr/local/texlive/2015/texmf-dist/tex/latex/latexconfig/color.cfg
File: color.cfg 2007/01/18 v1.5 color configuration of teTeX/TeXLive
)
Package color Info: Driver file: pdftex.def on input line 142.
)
Package hyperref Info: Link coloring ON on input line 100.

(/usr/local/texlive/2015/texmf-dist/tex/latex/hyperref/nameref.sty
Package: nameref 2012/10/27 v2.43 Cross-referencing by name of section

(/usr/local/texlive/2015/texmf-dist/tex/generic/oberdiek/gettitlestring.sty
Package: gettitlestring 2010/12/03 v1.4 Cleanup title references (HO)
)
\c@section@level=\count152
)
LaTeX Info: Redefining \ref on input line 100.
LaTeX Info: Redefining \pageref on input line 100.
LaTeX Info: Redefining \nameref on input line 100.

(./thesekc.out) (./thesekc.out)
\@outlinefile=\write4
\openout4 = `thesekc.out'.

Package caption Info: Begin \AtBeginDocument code.
Package caption Info: End \AtBeginDocument code.
\openout2 = `liminaires.aux'.

 (./liminaires.tex
Package epstopdf Info: Source file: <logo_uqar.eps>
(epstopdf)                    date: 2015-10-12 20:11:45
(epstopdf)                    size: 426540 bytes
(epstopdf)             Output file: <logo_uqar-eps-converted-to.pdf>
(epstopdf)                    date: 2015-10-12 20:11:59
(epstopdf)                    size: 399109 bytes
(epstopdf)             Command: <repstopdf --outfile=logo_uqar-eps-converted-to
.pdf logo_uqar.eps>
(epstopdf)             \includegraphics on input line 10.
Package epstopdf Info: Output file is already uptodate.

<logo_uqar-eps-converted-to.pdf, id=128, 867.24pt x 505.89pt>
File: logo_uqar-eps-converted-to.pdf Graphic file (type pdf)

<use logo_uqar-eps-converted-to.pdf>
Package pdftex.def Info: logo_uqar-eps-converted-to.pdf used on input line 10.
(pdftex.def)             Requested size: 227.62204pt x 132.77881pt.

(/usr/local/texlive/2015/texmf-dist/tex/latex/ucs/data/uni-0.def
File: uni-0.def 2013/05/13 UCS: Unicode data U+0000..U+00FF
)
LaTeX Font Info:    Try loading font information for TS1+txr on input line 10.

(/usr/local/texlive/2015/texmf-dist/tex/latex/txfonts/ts1txr.fd
File: ts1txr.fd 2000/12/15 v3.1
) [1



{/usr/local/texlive/2015/texmf-var/fonts/map/pdftex/updmap/pdftex.map} <./logo_
uqar-eps-converted-to.pdf>] [2] (./jury.tex
(/usr/local/texlive/2015/texmf-dist/tex/latex/ucs/data/uni-32.def
File: uni-32.def 2013/05/13 UCS: Unicode data U+2000..U+20FF
)
Underfull \hbox (badness 10000) in paragraph at lines 9--10

 []


Underfull \hbox (badness 10000) in paragraph at lines 11--12

 []


Underfull \hbox (badness 10000) in paragraph at lines 13--14

 []


Underfull \hbox (badness 10000) in paragraph at lines 15--16

 []

[3

] [4

]) (./avertissement.tex
LaTeX Font Info:    Try loading font information for U+txmia on input line 17.

(/usr/local/texlive/2015/texmf-dist/tex/latex/txfonts/utxmia.fd
File: utxmia.fd 2000/12/15 v3.1
)
LaTeX Font Info:    Try loading font information for U+txsya on input line 17.

(/usr/local/texlive/2015/texmf-dist/tex/latex/txfonts/utxsya.fd
File: utxsya.fd 2000/12/15 v3.1
)
LaTeX Font Info:    Try loading font information for U+txsyb on input line 17.

(/usr/local/texlive/2015/texmf-dist/tex/latex/txfonts/utxsyb.fd
File: utxsyb.fd 2000/12/15 v3.1
)
LaTeX Font Info:    Try loading font information for U+txsyc on input line 17.

(/usr/local/texlive/2015/texmf-dist/tex/latex/txfonts/utxsyc.fd
File: utxsyc.fd 2000/12/15 v3.1
) [5] [6

])
(./dedicace.tex [7] [8

]) (./thesekc.toc
Package cleveref Info: loaded `french' language definitions on input line 4.
Package cleveref Info: loaded `english' language definitions on input line 6.

Overfull \hbox (35.33911pt too wide) in paragraph at lines 23--23
\OT1/txr/m/n/12 THEORIE DE CO-OCCURRENCE DES ES-PECES DANS LES R[]ESEAUX D'INTE
RACTION []  
 []

[9

]
Package cleveref Info: loaded `english' language definitions on input line 40.
Package cleveref Info: loaded `english' language definitions on input line 41.
)
\tf@toc=\write5
\openout5 = `thesekc.toc'.

 [10] [11

] [12

])
Package cleveref Info: loaded `english' language definitions on input line 127.

 (./chapitre1/chap1.tex
article 1.

Package hyperref Warning: Token not allowed in a PDF string (PDFDocEncoding):
(hyperref)                removing `\\' on input line 1.


Overfull \hbox (13.31288pt too wide) in paragraph at lines 5--13
\OT1/txr/m/n/12 nom-breuses exp[]eriences de ter-rain, les con-duisent []a une 
vi-sion tr[]es puis-sante de la biog[]eographie
 []

[1




] [2] [3] [4] [5] [6] [7] [8] [9] [10] [11]
Overfull \hbox (8.91933pt too wide) in paragraph at lines 120--121
\OT1/txr/m/n/12 tion prob-a-bil-i-ties. We de-note the vec-tor of $\OML/txmi/m/
it/12 n$ \OT1/txr/m/n/12 en-vi-ron-men-tal con-di-tions by $\OT1/txr/bx/n/12 w$
\OT1/txr/m/n/12 : $\OT1/txr/bx/n/12 w \OT1/txr/m/n/12 = (\OML/txmi/m/it/12 w[];
 w[]; :::w[]\OT1/txr/m/n/12 )$.
 []

[12] [13] [14] [15] [16] [17] [18] [19] [20] [21] [22] [23] [24] [25] [26]
[27] [28]
Overfull \hbox (1.56554pt too wide) in paragraph at lines 256--257
[]\OT1/txr/bx/n/12 Biodiversity dis-tri-bu-tion along en-vi-ron-men-tal and con
-nectance gra-di-ents. \OT1/txr/m/n/12 We com-
 []

[29] <./chapitre1/table1.pdf, id=552, 538.60861pt x 124.20102pt>
File: ./chapitre1/table1.pdf Graphic file (type pdf)

<use ./chapitre1/table1.pdf>
Package pdftex.def Info: ./chapitre1/table1.pdf used on input line 268.
(pdftex.def)             Requested size: 457.81947pt x 105.57135pt.

Overfull \hbox (13.95631pt too wide) in paragraph at lines 268--269
 [][] 
 []

Package epstopdf Info: Source file: <./chapitre1/fig1.eps>
(epstopdf)                    date: 2015-07-09 16:02:52
(epstopdf)                    size: 83017 bytes
(epstopdf)             Output file: <./chapitre1/fig1-eps-converted-to.pdf>
(epstopdf)                    date: 2015-08-04 16:23:18
(epstopdf)                    size: 30780 bytes
(epstopdf)             Command: <repstopdf --outfile=./chapitre1/fig1-eps-conve
rted-to.pdf ./chapitre1/fig1.eps>
(epstopdf)             \includegraphics on input line 283.
Package epstopdf Info: Output file is already uptodate.
<./chapitre1/fig1-eps-converted-to.pdf, id=553, 650.43pt x 198.7425pt>
File: ./chapitre1/fig1-eps-converted-to.pdf Graphic file (type pdf)

<use ./chapitre1/fig1-eps-converted-to.pdf>
Package pdftex.def Info: ./chapitre1/fig1-eps-converted-to.pdf used on input li
ne 283.
(pdftex.def)             Requested size: 443.86316pt x 135.62831pt.
Package epstopdf Info: Source file: <./chapitre1/fig2.eps>
(epstopdf)                    date: 2015-07-09 16:02:53
(epstopdf)                    size: 171564 bytes
(epstopdf)             Output file: <./chapitre1/fig2-eps-converted-to.pdf>
(epstopdf)                    date: 2015-08-04 16:23:18
(epstopdf)                    size: 64616 bytes
(epstopdf)             Command: <repstopdf --outfile=./chapitre1/fig2-eps-conve
rted-to.pdf ./chapitre1/fig2.eps>
(epstopdf)             \includegraphics on input line 295.
Package epstopdf Info: Output file is already uptodate.

<./chapitre1/fig2-eps-converted-to.pdf, id=554, 433.62pt x 389.455pt>
File: ./chapitre1/fig2-eps-converted-to.pdf Graphic file (type pdf)

<use ./chapitre1/fig2-eps-converted-to.pdf>
Package pdftex.def Info: ./chapitre1/fig2-eps-converted-to.pdf used on input li
ne 295.
(pdftex.def)             Requested size: 443.86316pt x 398.67694pt.
 [30 <./chapitre1/table1.pdf> <./chapitre1/fig1-eps-converted-to.pdf>] [31 <./c
hapitre1/fig2-eps-converted-to.pdf>]
Package epstopdf Info: Source file: <./chapitre1/fig3.eps>
(epstopdf)                    date: 2015-07-13 10:31:07
(epstopdf)                    size: 136014 bytes
(epstopdf)             Output file: <./chapitre1/fig3-eps-converted-to.pdf>
(epstopdf)                    date: 2015-08-04 16:23:19
(epstopdf)                    size: 55215 bytes
(epstopdf)             Command: <repstopdf --outfile=./chapitre1/fig3-eps-conve
rted-to.pdf ./chapitre1/fig3.eps>
(epstopdf)             \includegraphics on input line 307.
Package epstopdf Info: Output file is already uptodate.
<./chapitre1/fig3-eps-converted-to.pdf, id=619, 433.62pt x 389.455pt>
File: ./chapitre1/fig3-eps-converted-to.pdf Graphic file (type pdf)

<use ./chapitre1/fig3-eps-converted-to.pdf>
Package pdftex.def Info: ./chapitre1/fig3-eps-converted-to.pdf used on input li
ne 307.
(pdftex.def)             Requested size: 355.09187pt x 318.93918pt.
 [32 <./chapitre1/fig3-eps-converted-to.pdf>]
Package epstopdf Info: Source file: <./chapitre1/fig4.eps>
(epstopdf)                    date: 2015-07-29 17:33:23
(epstopdf)                    size: 201281 bytes
(epstopdf)             Output file: <./chapitre1/fig4-eps-converted-to.pdf>
(epstopdf)                    date: 2015-08-04 16:23:19
(epstopdf)                    size: 157738 bytes
(epstopdf)             Command: <repstopdf --outfile=./chapitre1/fig4-eps-conve
rted-to.pdf ./chapitre1/fig4.eps>
(epstopdf)             \includegraphics on input line 319.
Package epstopdf Info: Output file is already uptodate.
 <./chapitre1/fig4-eps-converted-to.pdf, id=637, 650.43pt x 216.81pt>
File: ./chapitre1/fig4-eps-converted-to.pdf Graphic file (type pdf)

<use ./chapitre1/fig4-eps-converted-to.pdf>
Package pdftex.def Info: ./chapitre1/fig4-eps-converted-to.pdf used on input li
ne 319.
(pdftex.def)             Requested size: 443.86316pt x 147.95816pt.
 [33 <./chapitre1/fig4-eps-converted-to.pdf>]
Package epstopdf Info: Source file: <./chapitre1/fig5.eps>
(epstopdf)                    date: 2015-07-30 14:58:51
(epstopdf)                    size: 64680 bytes
(epstopdf)             Output file: <./chapitre1/fig5-eps-converted-to.pdf>
(epstopdf)                    date: 2015-08-04 16:23:20
(epstopdf)                    size: 22125 bytes
(epstopdf)             Command: <repstopdf --outfile=./chapitre1/fig5-eps-conve
rted-to.pdf ./chapitre1/fig5.eps>
(epstopdf)             \includegraphics on input line 331.
Package epstopdf Info: Output file is already uptodate.

<./chapitre1/fig5-eps-converted-to.pdf, id=655, 650.43pt x 230.8625pt>
File: ./chapitre1/fig5-eps-converted-to.pdf Graphic file (type pdf)

<use ./chapitre1/fig5-eps-converted-to.pdf>
Package pdftex.def Info: ./chapitre1/fig5-eps-converted-to.pdf used on input li
ne 331.
(pdftex.def)             Requested size: 443.86316pt x 157.54803pt.
) (./chapitre2/chap2.tex [34 <./chapitre1/fig5-eps-converted-to.pdf>]
article 2.

Package hyperref Warning: Token not allowed in a PDF string (PDFDocEncoding):
(hyperref)                removing `\\' on input line 1.


Overfull \hbox (10.67291pt too wide) in paragraph at lines 10--11
\OT1/txr/bx/n/12 occurence\OT1/txr/m/n/12 . C'est une trans-po-si-tion di-recte
 du chapitre pr[]ec[]edent sur la mesure de co-occurrence
 []

[35

]
Overfull \hbox (5.2969pt too wide) in paragraph at lines 12--13
[]\OT1/txr/m/n/12 etre li[]ees par une ou plusieurs autres esp[]eces, l'interac
tion est dite in-di-recte. Si les cons[]equence
 []

[36] [37] [38]

Package natbib Warning: Author undefined for citation`Stone1990Checkerboard' 
(natbib)                on page 39 on input line 50.


Package natbib Warning: Author undefined for citation`Guisan2005Predicting' 
(natbib)                on page 39 on input line 53.


Package natbib Warning: Author undefined for citation`Hutchinson1957Concluding'
 
(natbib)                on page 39 on input line 57.


Package natbib Warning: Citation `Macarthur1972Geographical' on page 39 undefin
ed on input line 57.


Package natbib Warning: Author undefined for citation`Davis1998Making' 
(natbib)                on page 39 on input line 60.


Package natbib Warning: Author undefined for citation`Gotelli2010Macroecologica
l' 
(natbib)                on page 39 on input line 61.


Package natbib Warning: Author undefined for citation`Araujo2007Importance' 
(natbib)                on page 39 on input line 62.


Package natbib Warning: Author undefined for citation`Araujo2011Using' 
(natbib)                on page 39 on input line 62.

[39]

Package natbib Warning: Author undefined for citation`Legendre2012Numerical' 
(natbib)                on page 40 on input line 65.


Package natbib Warning: Author undefined for citation`Clark2014More' 
(natbib)                on page 40 on input line 65.


Package natbib Warning: Author undefined for citation`Baselga2009Individualisti
c' 
(natbib)                on page 40 on input line 65.


Package natbib Warning: Author undefined for citation`Fordham2013Adapted' 
(natbib)                on page 40 on input line 65.


Package natbib Warning: Author undefined for citation`Castilla2015Inferring' 
(natbib)                on page 40 on input line 65.

[40]

Package natbib Warning: Author undefined for citation`Stone1990Checkerboard' 
(natbib)                on page 41 on input line 72.


Package natbib Warning: Author undefined for citation`Diamond1982Examination' 
(natbib)                on page 41 on input line 77.


Package natbib Warning: Author undefined for citation`Boulangeat2012Accounting'
 
(natbib)                on page 41 on input line 80.


Package natbib Warning: Author undefined for citation`Ulrich2013Pattern' 
(natbib)                on page 41 on input line 80.


Package natbib Warning: Author undefined for citation`Wootton1994Nature' 
(natbib)                on page 41 on input line 85.


Package natbib Warning: Author undefined for citation`Hairston1960Community' 
(natbib)                on page 41 on input line 86.


Package natbib Warning: Author undefined for citation`Yodzis1988Indeterminacy' 

(natbib)                on page 41 on input line 86.


Package natbib Warning: Author undefined for citation`Montoya2009Press' 
(natbib)                on page 41 on input line 86.


Package natbib Warning: Author undefined for citation`Holt2009Trophic' 
(natbib)                on page 41 on input line 86.

[41] [42] [43]

Package natbib Warning: Author undefined for citation`Hubbell2001Unified' 
(natbib)                on page 44 on input line 155.


Package natbib Warning: Author undefined for citation`Bell2005CoDistribution' 
(natbib)                on page 44 on input line 158.

[44] [45]

Package natbib Warning: Author undefined for citation`Milo2002Network' 
(natbib)                on page 46 on input line 233.

[46]
Overfull \hbox (8.47684pt too wide) in paragraph at lines 254--255
\OT1/txr/m/n/12 study of net-works in-volv-ing three species in-ter-ac-tions, w
ith species 2 be-ing hid-den by marginal-
 []

[47] [48] [49]

Package natbib Warning: Author undefined for citation`Araujo2011Using' 
(natbib)                on page 50 on input line 359.


Package natbib Warning: Author undefined for citation`Gravel2011Trophic' 
(natbib)                on page 50 on input line 372.


Package natbib Warning: Author undefined for citation`Gravel2011Trophic' 
(natbib)                on page 50 on input line 396.

[50]

Package natbib Warning: Author undefined for citation`Williams2000Simple' 
(natbib)                on page 51 on input line 407.


Package natbib Warning: Author undefined for citation`Berlow2009Simple' 
(natbib)                on page 51 on input line 428.

[51]

Package natbib Warning: Author undefined for citation`Williams2000Simple' 
(natbib)                on page 52 on input line 437.


Package natbib Warning: Author undefined for citation`Berlow2009Simple' 
(natbib)                on page 52 on input line 442.


Package natbib Warning: Author undefined for citation`Holt2009Trophic' 
(natbib)                on page 52 on input line 450.


Package natbib Warning: Author undefined for citation`Araujo2011Using' 
(natbib)                on page 52 on input line 450.

[52]

Package natbib Warning: Author undefined for citation`Araujo2014Geographic' 
(natbib)                on page 53 on input line 452.


Package natbib Warning: Author undefined for citation`Boulangeat2012Accounting'
 
(natbib)                on page 53 on input line 454.


Package natbib Warning: Author undefined for citation`Veech2013Probabilistic' 
(natbib)                on page 53 on input line 455.


Package natbib Warning: Author undefined for citation`Araujo2011Using' 
(natbib)                on page 53 on input line 457.

[53]

Package natbib Warning: Author undefined for citation`Gravel2013Inferring' 
(natbib)                on page 54 on input line 483.


Package natbib Warning: Author undefined for citation`Rohr2010Modeling' 
(natbib)                on page 54 on input line 499.


Package natbib Warning: Author undefined for citation`Rohr2010Modeling' 
(natbib)                on page 54 on input line 503.


Package natbib Warning: Author undefined for citation`Chamberlain2014How' 
(natbib)                on page 54 on input line 521.


Package natbib Warning: Author undefined for citation`Thuiller2013Road' 
(natbib)                on page 54 on input line 523.

[54] [55] [56]

LaTeX Warning: File `./chapitre2/fig1.eps' not found on input line 539.

Package epstopdf Info: Source file: <./chapitre2/fig1.eps>
(epstopdf)             Output file: <./chapitre2/fig1-eps-converted-to.pdf>
(epstopdf)                    date: 2015-06-30 11:39:15
(epstopdf)                    size: 24509 bytes
(epstopdf)             Command: <repstopdf --outfile=./chapitre2/fig1-eps-conve
rted-to.pdf ./chapitre2/fig1.eps>
(epstopdf)             \includegraphics on input line 539.
Package epstopdf Info: Output file is already uptodate.
<./chapitre2/fig1-eps-converted-to.pdf, id=900, 1156.32pt x 317.185pt>
File: ./chapitre2/fig1-eps-converted-to.pdf Graphic file (type pdf)

<use ./chapitre2/fig1-eps-converted-to.pdf>
Package pdftex.def Info: ./chapitre2/fig1-eps-converted-to.pdf used on input li
ne 539.
(pdftex.def)             Requested size: 443.86316pt x 121.75117pt.
 [57 <./chapitre2/fig1-eps-converted-to.pdf>]

LaTeX Warning: `h' float specifier changed to `ht'.

) (./chap3.tex [58] [59] [60

]
article 3.

Package hyperref Warning: Token not allowed in a PDF string (PDFDocEncoding):
(hyperref)                removing `\\' on input line 1.

) (./chap4.tex [61] [62

]
article 4.

Package hyperref Warning: Token not allowed in a PDF string (PDFDocEncoding):
(hyperref)                removing `\\' on input line 1.

) [63] [64

]
Package cleveref Info: loaded `english' language definitions on input line 156.

 (./thesekc.bbl (./thesekc.brf)
\tf@brf=\write6
\openout6 = `thesekc.brf'.

 [65

] [66] [67] [68] [69])
Package cleveref Info: loaded `english' language definitions on input line 160.



Package natbib Warning: There were undefined citations.

Package atveryend Info: Empty hook `BeforeClearDocument' on input line 166.
[70]
Package atveryend Info: Empty hook `AfterLastShipout' on input line 166.
 (./thesekc.aux (./liminaires.aux)
Package cleveref Info: loaded `french' language definitions on input line 25.
Package cleveref Info: loaded `english' language definitions on input line 30.
Package cleveref Info: loaded `english' language definitions on input line 467.

Package cleveref Info: loaded `english' language definitions on input line 543.

)
Package atveryend Info: Executing hook `AtVeryEndDocument' on input line 166.
Package atveryend Info: Executing hook `AtEndAfterFileList' on input line 166.
Package rerunfilecheck Info: File `thesekc.out' has not changed.
(rerunfilecheck)             Checksum: D18523BC406610E4229ED0A3D250751A;2169.
Package rerunfilecheck Info: File `thesekc.brf' has not changed.
(rerunfilecheck)             Checksum: 0ED9A93FCC6AEA69E1F2FF16BD9BF9D1;9135.
Package atveryend Info: Empty hook `AtVeryVeryEnd' on input line 166.
 ) 
Here is how much of TeX's memory you used:
 15305 strings out of 493089
 243192 string characters out of 6134842
 395165 words of memory out of 5000000
 18216 multiletter control sequences out of 15000+600000
 31753 words of font info for 77 fonts, out of 8000000 for 9000
 1141 hyphenation exceptions out of 8191
 37i,17n,38p,2388b,1282s stack positions out of 5000i,500n,10000p,200000b,80000s
{/usr/local/texlive/2015/texmf-dist/fonts/enc/dvips/base/8r.enc}</usr/local/t
exlive/2015/texmf-dist/fonts/type1/public/amsfonts/cm/cmbx12.pfb></usr/local/te
xlive/2015/texmf-dist/fonts/type1/public/amsfonts/cm/cmbx8.pfb></usr/local/texl
ive/2015/texmf-dist/fonts/type1/public/amsfonts/cm/cmmi12.pfb></usr/local/texli
ve/2015/texmf-dist/fonts/type1/public/amsfonts/cm/cmmi8.pfb></usr/local/texlive
/2015/texmf-dist/fonts/type1/public/amsfonts/cm/cmr12.pfb></usr/local/texlive/2
015/texmf-dist/fonts/type1/public/amsfonts/cm/cmr8.pfb></usr/local/texlive/2015
/texmf-dist/fonts/type1/public/amsfonts/cm/cmsy10.pfb></usr/local/texlive/2015/
texmf-dist/fonts/type1/public/txfonts/rtcxb.pfb></usr/local/texlive/2015/texmf-
dist/fonts/type1/public/txfonts/rtxb.pfb></usr/local/texlive/2015/texmf-dist/fo
nts/type1/public/txfonts/rtxi.pfb></usr/local/texlive/2015/texmf-dist/fonts/typ
e1/public/txfonts/rtxmi.pfb></usr/local/texlive/2015/texmf-dist/fonts/type1/pub
lic/txfonts/rtxr.pfb></usr/local/texlive/2015/texmf-dist/fonts/type1/public/txf
onts/txex.pfb></usr/local/texlive/2015/texmf-dist/fonts/type1/public/txfonts/tx
sy.pfb></usr/local/texlive/2015/texmf-dist/fonts/type1/public/txfonts/txsyb.pfb
></usr/local/texlive/2015/texmf-dist/fonts/type1/urw/times/utmb8a.pfb></usr/loc
al/texlive/2015/texmf-dist/fonts/type1/urw/times/utmbi8a.pfb></usr/local/texliv
e/2015/texmf-dist/fonts/type1/urw/times/utmr8a.pfb></usr/local/texlive/2015/tex
mf-dist/fonts/type1/urw/times/utmri8a.pfb>
Output written on thesekc.pdf (82 pages, 1189785 bytes).
PDF statistics:
 1229 PDF objects out of 1440 (max. 8388607)
 1076 compressed objects within 11 object streams
 256 named destinations out of 1000 (max. 500000)
 289 words of extra memory for PDF output out of 10000 (max. 10000000)

