\BOOKMARK [0][-]{section*.1}{Table des mati\350res}{}% 1
\BOOKMARK [0][-]{section*.2}{Liste des symboles}{}% 2
\BOOKMARK [0][-]{chapter.1}{ \040A PROPOS DES INTERACTIONS BIOTIQUES ET DES CONTRAINTES ENVIRONNMNENTALES A L'ECHELLE BIOGEOGRAPHIQUE}{}% 3
\BOOKMARK [1][-]{section.1.1}{RESUM\311}{chapter.1}% 4
\BOOKMARK [1][-]{section.1.2}{TITLE}{chapter.1}% 5
\BOOKMARK [1][-]{section.1.3}{AUTHORS}{chapter.1}% 6
\BOOKMARK [1][-]{section.1.4}{ABSTRACT}{chapter.1}% 7
\BOOKMARK [1][-]{section.1.5}{Introduction}{chapter.1}% 8
\BOOKMARK [1][-]{section.1.6}{The model}{chapter.1}% 9
\BOOKMARK [2][-]{subsection.1.6.1}{A simple probabilistic biogeographical model}{section.1.6}% 10
\BOOKMARK [2][-]{subsection.1.6.2}{Integrating biotic interactions}{section.1.6}% 11
\BOOKMARK [2][-]{subsection.1.6.3}{Integrating environmental gradients}{section.1.6}% 12
\BOOKMARK [1][-]{section.1.7}{Exploring the model}{chapter.1}% 13
\BOOKMARK [2][-]{subsection.1.7.1}{Biodiversity distribution over environmental gradients}{section.1.7}% 14
\BOOKMARK [1][-]{section.1.8}{Discussion}{chapter.1}% 15
\BOOKMARK [1][-]{section.1.9}{Acknowledgment}{chapter.1}% 16
\BOOKMARK [1][-]{section.1.10}{Tables}{chapter.1}% 17
\BOOKMARK [1][-]{section.1.11}{Figures}{chapter.1}% 18
\BOOKMARK [0][-]{chapter.2}{ \040THEORIE DE CO-OCCURRENCE DES ESPECES DANS LES R\311SEAUX D'INTERACTION}{}% 19
\BOOKMARK [1][-]{section.2.1}{R\351sum\351 en fran\347ais du deuxi\350me article}{chapter.2}% 20
\BOOKMARK [1][-]{section.2.2}{TITLE}{chapter.2}% 21
\BOOKMARK [1][-]{section.2.3}{AUTHORS}{chapter.2}% 22
\BOOKMARK [1][-]{section.2.4}{ABSTRACT}{chapter.2}% 23
\BOOKMARK [1][-]{section.2.5}{KEYWORDS}{chapter.2}% 24
\BOOKMARK [1][-]{section.2.6}{Introduction}{chapter.2}% 25
\BOOKMARK [1][-]{section.2.7}{Definitions}{chapter.2}% 26
\BOOKMARK [1][-]{section.2.8}{ACKNOWLEDGMENTS}{chapter.2}% 27
\BOOKMARK [1][-]{section.2.9}{FIGURES}{chapter.2}% 28
\BOOKMARK [0][-]{chapter.3}{ \040HOW ECOLOGICAL INTERACTIONS CAN AFFECT BIODIVERSITY FORECAST}{}% 29
\BOOKMARK [0][-]{chapter.4}{ \040ISLAND THEORY OF BIOGEOGRAPHY : FROM SPECIES TO FONCTIONNAL TRAITS}{}% 30
\BOOKMARK [0][-]{section*.33}{R\351f\351rences}{}% 31
